

Microchip MPLAB XC8 Assembler V2.36 build 20220127204148 
                                                                                                           Mon Mar 14 22:33:23 2022


     1                           	processor	16F917
     2                           	pagewidth 132
     3                           	psect	code,global,class=CODE,delta=2
     4                           	psect	powerup,global,class=CODE,delta=2
     5                           	psect	reset_vec,global,class=CODE,delta=2
     6                           	psect	maintext,global,class=CODE,delta=2
     7                           	psect	eeprom_data,global,class=EEDATA,space=3,delta=2,noexec
     8                           	psect	intentry,global,class=CODE,delta=2
     9                           	psect	functab,global,class=ENTRY,delta=2
    10                           	psect	init,global,class=CODE,delta=2
    11                           	psect	cinit,global,class=CODE,delta=2
    12                           	psect	text,global,class=CODE,delta=2
    13                           	psect	end_init,global,class=CODE,delta=2
    14                           	psect	clrtext,global,class=CODE,delta=2
    15                           	psect	strings,global,reloc=256,class=CODE,delta=2
    16                           	psect	stack,global,class=STACK,space=2,delta=1,noexec
    17                           	psect	common,global,class=COMMON,space=1,delta=1
    18                           	psect	bank0,global,class=BANK0,space=1,delta=1
    19                           	psect	bank1,global,class=BANK1,space=1,delta=1
    20                           	psect	bank2,global,class=BANK2,space=1,delta=1
    21                           	psect	bank3,global,class=BANK3,space=1,delta=1
    22                           	psect	ram,global,class=RAM,space=1,delta=1
    23                           	psect	abs1,global,class=ABS1,space=1,delta=1
    24                           	psect	sfr0,global,class=SFR0,space=1,delta=1
    25                           	psect	sfr1,global,class=SFR1,space=1,delta=1
    26                           	psect	sfr2,global,class=SFR2,space=1,delta=1
    27                           	psect	sfr3,global,class=SFR3,space=1,delta=1
    28                           
    29                           	psect	reset_vec
    30  0000                     reset_vec:
    31                           
    32                           	psect	maintext
    33                           
    34                           ; Microchip MPLAB XC8 C Compiler V2.36
    35                           ; Copyright (C) 2022 Microchip Technology Inc.
    36                           ; Auto-generated runtime startup code for final link stage.
    37                           ;
    38                           ; Compiler options:
    39                           ;
    40                           ; ../main.c ../uart.c
    41                           ;
    42  0000                     C	set	0
    43  0002                     Z	set	2
    44  0002                     PCL	set	2
    45  0000                     INDF	set	0
    46  000A                     
    47                           	psect	functab
    48  0000                     intlevel0:
    49  0000                     intlevel1:
    50  0000                     intlevel2:
    51  0000                     intlevel3:
    52  0000                     intlevel4:
    53  0000                     intlevel5:
    54                           
    55                           	psect	init
    56  0000                     start:	
    57                           ; No powerup routine
    58                           ; No interrupt routine
    59                           
    60                           
    61                           	psect	end_init
    62  0000  120A  118A  2FFC   	ljmp	start_initialization	;jump to C runtime clear & initialization
    63                           
    64                           	psect	clrtext
    65  0004                     FSR	set	4
    66                           
    67                           	psect	strings
    68  0000                     
    69                           	psect	stack
    70  0000                     ___sp:
    71  0000                     ___int_sp:


Microchip Technology PIC Macro Assembler V2.36 build 20220127204148 
Symbol Table                                                                                               Mon Mar 14 22:33:23 2022

               ___sp 0000                 _main 07C5                 start 0000  start_initialization 07FC  
          ___stackhi 0000            ___stacklo 0000             ___int_sp 0000             intlevel0 0000  
           intlevel1 0000             intlevel2 0000             intlevel3 0000             intlevel4 0000  
           intlevel5 0000             reset_vec 0000  
